Launching splash2x.radix...
[PARSEC] Benchmarks to run:  splash2x.radix

[PARSEC] [========== Running benchmark splash2x.radix [1] ==========]
[PARSEC] Setting up run directory.
[PARSEC] No archive for input 'native' available, skipping input setup.
[PARSEC] Running 'time /parsec/ext/splash2x/kernels/radix/inst/amd64-linux.gcc/bin/run.sh 1 native':
[PARSEC] [---------- Beginning of output ----------]
Generating input file ...
Running /parsec/ext/splash2x/kernels/radix/inst/amd64-linux.gcc/bin/radix -p1 -r4096 -n268435456 -m2147483647:

Integer Radix Sort
     268435456 Keys
     1 Processors
     Radix = 4096
     Max key = 2147483647


                 PROCESS STATISTICS
               Total            Rank            Sort
 Proc          Time             Time            Time
    0        9934794          987201         8947585

                 TIMING INFORMATION
Start time                        : 1746049187562856
Initialization finish time        : 1746049219894581
Overall finish time               : 1746049229829375
Total time with initialization    :         42266519
Total time without initialization :          9934794


real	0m42.682s
user	0m39.942s
sys	0m2.328s
[PARSEC] [----------    End of output    ----------]
[PARSEC]
[PARSEC] BIBLIOGRAPHY
[PARSEC]
[PARSEC] [1] Woo et al. The SPLASH-2 Programs: Characterization and Methodological Considerations. ISCA, 1995.
[PARSEC]
[PARSEC] Done.
