Launching parsec.ferret...
[PARSEC] Benchmarks to run:  parsec.ferret

[PARSEC] [========== Running benchmark parsec.ferret [1] ==========]
[PARSEC] Setting up run directory.
[PARSEC] Unpacking benchmark input 'simlarge'.
corel/
corel/__cass.env
corel/corel.raw
corel/lsh.lsh
corel/map_corel.map
queries/
queries/acorn.jpg
queries/air-fighter.jpg
queries/airplane-2.jpg
queries/airplane-takeoff-3.jpg
queries/alcatraz-island-prison.jpg
queries/american-flag-3.jpg
queries/apartment.jpg
queries/apollo-2.jpg
queries/apollo-earth.jpg
queries/apple-11.jpg
queries/apple-14.jpg
queries/apple-16.jpg
queries/apple-7.jpg
queries/aquarium-fish-25.jpg
queries/arches-9.jpg
queries/arches.jpg
queries/archipelago-2.jpg
queries/archipelago.jpg
queries/balboa-park.jpg
queries/balloons-14.jpg
queries/banana-1.jpg
queries/bay.jpg
queries/beach-2.jpg
queries/bee.jpg
queries/bird-2.jpg
queries/black-currant-4.jpg
queries/black-headed-sheep.jpg
queries/boat-race.jpg
queries/bookshelf.jpg
queries/branch-2.jpg
queries/buttercup-2.jpg
queries/cable-2.jpg
queries/cabrillo-national-monument.jpg
queries/cactus-115.jpg
queries/cactus-71.jpg
queries/caesars-palace-2.jpg
queries/canyon.jpg
queries/cheese-plate.jpg
queries/church-tower-with-mountain-in-background.jpg
queries/civic-si-2.jpg
queries/clip-3.jpg
queries/clock-2.jpg
queries/clock.jpg
queries/clouds-2.jpg
queries/coast.jpg
queries/coffee-beans-2.jpg
queries/columbia-start.jpg
queries/concrete-cross.jpg
queries/crawfish-3.jpg
queries/death-valley-sand-dunes.jpg
queries/duck-4.jpg
queries/duck-5.jpg
queries/egret-2.jpg
queries/ellen-browning-scripps-park.jpg
queries/face-10.jpg
queries/face-11.jpg
queries/face-12.jpg
queries/face-13.jpg
queries/face-14.jpg
queries/face-15.jpg
queries/face-16.jpg
queries/face-17.jpg
queries/face-18.jpg
queries/face-19.jpg
queries/face-2.jpg
queries/face-20.jpg
queries/face-21.jpg
queries/face-22.jpg
queries/face-23.jpg
queries/face-24.jpg
queries/face-25.jpg
queries/face-26.jpg
queries/face-27.jpg
queries/face-28.jpg
queries/face-29.jpg
queries/face-3.jpg
queries/face-30.jpg
queries/face-31.jpg
queries/face-32.jpg
queries/face-33.jpg
queries/face-34.jpg
queries/face-35.jpg
queries/face-36.jpg
queries/face-4.jpg
queries/face-5.jpg
queries/face-6.jpg
queries/face-7.jpg
queries/face-8.jpg
queries/face-9.jpg
queries/face.jpg
queries/fajitas.jpg
queries/fake-berries.jpg
queries/fallbrook-avocado-festival.jpg
queries/fallen-branshy-tree.jpg
queries/falls-2.jpg
queries/falls-in-glacier.jpg
queries/falls.jpg
queries/farm-2.jpg
queries/farm.jpg
queries/farmers-market-2.jpg
queries/farmers-market.jpg
queries/field-20.jpg
queries/figs.jpg
queries/fireworks-11.jpg
queries/fly.jpg
queries/food-18.jpg
queries/forest-16.jpg
queries/forest-3.jpg
queries/forest-38.jpg
queries/forest-54.jpg
queries/forest-65.jpg
queries/la-jolla-cliffs-2.jpg
queries/la-jolla-cliffs.jpg
queries/la-jolla-cove-10.jpg
queries/la-jolla-cove-11.jpg
queries/la-jolla-cove-12.jpg
queries/la-jolla-cove-13.jpg
queries/la-jolla-cove-14.jpg
queries/la-jolla-cove-2.jpg
queries/la-jolla-cove-3.jpg
queries/la-jolla-cove-4.jpg
queries/la-jolla-cove-5.jpg
queries/la-jolla-cove-6.jpg
queries/la-jolla-cove-7.jpg
queries/la-jolla-cove-8.jpg
queries/la-jolla-cove-9.jpg
queries/la-jolla-cove.jpg
queries/la-jolla-seal-beach.jpg
queries/la-jolla-shores.jpg
queries/la-jolla-squirrels.jpg
queries/lady-bug.jpg
queries/ladybug-closeup.jpg
queries/ladybugs.jpg
queries/lake-2.jpg
queries/lake-20.jpg
queries/lake-21.jpg
queries/lake-22.jpg
queries/lake-23.jpg
queries/lake-24.jpg
queries/lake-25.jpg
queries/lake-26.jpg
queries/lake-27.jpg
queries/lake-28.jpg
queries/lake-29.jpg
queries/lake-3.jpg
queries/lake-30.jpg
queries/lake-31.jpg
queries/lake-32.jpg
queries/lake-33.jpg
queries/lake-34.jpg
queries/lake-35.jpg
queries/lake-36.jpg
queries/lake-37.jpg
queries/lake-38.jpg
queries/lake-52.jpg
queries/lake-53.jpg
queries/lake-54.jpg
queries/lake-55.jpg
queries/lake-56.jpg
queries/lake-57.jpg
queries/lake-58.jpg
queries/lake-59.jpg
queries/lake-6.jpg
queries/lake-60.jpg
queries/lake-61.jpg
queries/lake-62.jpg
queries/lake-63.jpg
queries/lake-64.jpg
queries/lake-65.jpg
queries/lake-66.jpg
queries/lake-67.jpg
queries/lake-68.jpg
queries/lake-69.jpg
queries/lake-7.jpg
queries/lake-8.jpg
queries/lake-9.jpg
queries/lake-mcdonald-in-glacier.jpg
queries/lake-mcdonald.jpg
queries/lake-miramar.jpg
queries/lake-people.jpg
queries/lake-rock-in-morning-mist-2.jpg
queries/lake-rock-in-morning-mist-3.jpg
queries/lake-rock-in-morning-mist.jpg
queries/lake-rocks-in-morning-mist-2.jpg
queries/lake-rocks-in-morning-mist.jpg
queries/lake-side.jpg
queries/lake-water.jpg
queries/lake.jpg
queries/lamar-valley.jpg
queries/lamp-flowers.jpg
queries/lancashire-cheese.jpg
queries/landing-lights.jpg
queries/lantern.jpg
queries/laptop.jpg
queries/lapwing-in-snow.jpg
queries/lapwings-in-snowy-field.jpg
queries/las-vegas-strip.jpg
queries/lasagna.jpg
queries/lava-2.jpg
queries/lava-3.jpg
queries/lava-4.jpg
queries/lava.jpg
queries/leaf-2.jpg
queries/leaf-3.jpg
queries/leaf-4.jpg
queries/leaf-5.jpg
queries/leaf.jpg
queries/leaves-in-a-stream.jpg
queries/leaves-in-sun-2.jpg
queries/leaves-in-sun-3.jpg
queries/leaves-in-sun.jpg
queries/leaves-water-drops-2.jpg
queries/leaves-water-drops-3.jpg
queries/leaves-water-drops.jpg
queries/leaves.jpg
queries/lemor.jpg
queries/lemurs-eating.jpg
queries/lens.jpg
queries/liberty-cap.jpg
queries/library.jpg
queries/lichens-2.jpg
queries/lichens.jpg
queries/lighter.jpg
queries/lighthouse.jpg
queries/lights-2.jpg
queries/lights-3.jpg
queries/lights.jpg
queries/limberger-cheese.jpg
queries/lime-and-kiwi.jpg
queries/lime-spider.jpg
queries/limestone-quarry-2.jpg
queries/limestone-quarry.jpg
queries/lincolnshire-poacher-cheese.jpg
queries/lion.jpg
queries/little-bird.jpg
queries/little-italy-sign.jpg
queries/little-piggies.jpg
queries/logan-pass-trail.jpg
queries/logan-pass.jpg
queries/lombard-street.jpg
queries/london-bridge.jpg
queries/long-beach-2.jpg
queries/long-beach.jpg
queries/long-horned-cattle-2.jpg
queries/long-horned-cattle.jpg
queries/lots-of-pots.jpg
queries/lotus.jpg
queries/lough-erne.jpg
queries/lough-gill-2.jpg
queries/lough-gill.jpg
queries/lough-gur.jpg
queries/lumbering-bear.jpg
queries/lunar-eclipse.jpg
queries/lynx-on-tree-log.jpg
queries/lynx-sitting.jpg
queries/queen-mary-2.jpg
[PARSEC] Running 'time /parsec/pkgs/apps/ferret/inst/amd64-linux.gcc/bin/ferret corel lsh queries 10 20 1 output.txt':
[PARSEC] [---------- Beginning of output ----------]
PARSEC Benchmark Suite Version 3.0-beta-20150206
(20,1)
(25,2)
(57,3)
(65,4)
(67,5)
(67,6)
(68,7)
(68,8)
(71,9)
(72,10)
(72,11)
(73,12)
(73,13)
(75,14)
(77,15)
(77,16)
(78,17)
(79,18)
(81,19)
(81,20)
(82,21)
(83,22)
(84,23)
(84,24)
(85,25)
(86,26)
(86,27)
(89,28)
(90,29)
(91,30)
(93,31)
(94,32)
(94,33)
(99,34)
(99,35)
(100,36)
(100,37)
(102,38)
(108,39)
(108,40)
(108,41)
(108,42)
(110,43)
(110,44)
(111,45)
(111,46)
(113,47)
(114,48)
(117,49)
(118,50)
(121,51)
(122,52)
(127,53)
(128,54)
(128,55)
(130,56)
(131,57)
(132,58)
(132,59)
(132,60)
(133,61)
(136,62)
(143,63)
(144,64)
(145,65)
(146,66)
(147,67)
(147,68)
(148,69)
(148,70)
(150,71)
(150,72)
(150,73)
(150,74)
(150,75)
(151,76)
(152,77)
(156,78)
(156,79)
(158,80)
(161,81)
(162,82)
(163,83)
(163,84)
(163,85)
(164,86)
(164,87)
(164,88)
(169,89)
(170,90)
(171,91)
(171,92)
(171,93)
(171,94)
(175,95)
(176,96)
(176,97)
(178,98)
(179,99)
(180,100)
(181,101)
(182,102)
(183,103)
(184,104)
(185,105)
(186,106)
(186,107)
(187,108)
(188,109)
(189,110)
(189,111)
(190,112)
(190,113)
(191,114)
(192,115)
(194,116)
(194,117)
(195,118)
(196,119)
(196,120)
(196,121)
(198,122)
(198,123)
(198,124)
(199,125)
(199,126)
(199,127)
(199,128)
(200,129)
(201,130)
(203,131)
(204,132)
(205,133)
(205,134)
(207,135)
(208,136)
(208,137)
(209,138)
(210,139)
(210,140)
(211,141)
(213,142)
(214,143)
(217,144)
(219,145)
(220,146)
(220,147)
(222,148)
(225,149)
(226,150)
(226,151)
(227,152)
(227,153)
(231,154)
(232,155)
(232,156)
(232,157)
(232,158)
(232,159)
(233,160)
(233,161)
(234,162)
(234,163)
(235,164)
(236,165)
(238,166)
(238,167)
(239,168)
(240,169)
(241,170)
(241,171)
(243,172)
(244,173)
(245,174)
(246,175)
(247,176)
(247,177)
(248,178)
(248,179)
(248,180)
(248,181)
(250,182)
(250,183)
(251,184)
(251,185)
(253,186)
(253,187)
(254,188)
(255,189)
(255,190)
(256,191)
(256,192)
(256,193)
(256,194)
(256,195)
(256,196)
(256,197)
(256,198)
(256,199)
(256,200)
(256,201)
(256,202)
(256,203)
(256,204)
(256,205)
(256,206)
(256,207)
(256,208)
(256,209)
(256,210)
(256,211)
(256,212)
(256,213)
(256,214)
(256,215)
(256,216)
(256,217)
(256,218)
(256,219)
(256,220)
(256,221)
(256,222)
(256,223)
(256,224)
(256,225)
(256,226)
(256,227)
(256,228)
(256,229)
(256,230)
(256,231)
(256,232)
(256,233)
(256,234)
(256,235)
(256,236)
(256,237)
(256,238)
(256,239)
(256,240)
(256,241)
(256,242)
(256,243)
(256,244)
(256,245)
(256,246)
(256,247)
(256,248)
(256,249)
(256,250)
(256,251)
(256,252)
(256,253)
(256,254)
(256,255)
(256,256)
QUERY TIME: 7.132 seconds

real	0m7.202s
user	0m7.097s
sys	0m0.067s
[PARSEC] [----------    End of output    ----------]
[PARSEC]
[PARSEC] BIBLIOGRAPHY
[PARSEC]
[PARSEC] [1] Bienia. Benchmarking Modern Multiprocessors. Ph.D. Thesis, 2011.
[PARSEC]
[PARSEC] Done.
